<?xml version="1.0" encoding="UTF-8"?>
<testsuite name="com.csc.TestFuzzyFinder" tests="4" skipped="0" failures="0" errors="0" timestamp="2024-10-28T03:06:52" hostname="Dakotas-Laptop.local" time="0.016">
  <properties/>
  <testcase name="testBinarySearchOnSortedList()" classname="com.csc.TestFuzzyFinder" time="0.009"/>
  <testcase name="testLinearSearchOnSortedList()" classname="com.csc.TestFuzzyFinder" time="0.002"/>
  <testcase name="testLinearSearchOnRandomList()" classname="com.csc.TestFuzzyFinder" time="0.004"/>
  <testcase name="testBinarySearchOnRandomizedList()" classname="com.csc.TestFuzzyFinder" time="0.001"/>
  <system-out><![CDATA[]]></system-out>
  <system-err><![CDATA[]]></system-err>
</testsuite>
